#
# A fatal error has been detected by the Java Runtime Environment:
#
#  EXCEPTION_ACCESS_VIOLATION (0xc0000005) at pc=0x00000000536e0a50, pid=9380, tid=0x00000000000014a8
#
# JRE version: Java(TM) SE Runtime Environment (8.0_201-b09) (build 1.8.0_201-b09)
# Java VM: Java HotSpot(TM) 64-Bit Server VM (25.201-b09 mixed mode windows-amd64 compressed oops)
# Problematic frame:
# V  [jvm.dll+0xb0a50]
#
# Failed to write core dump. Minidumps are not enabled by default on client versions of Windows
#
# If you would like to submit a bug report, please visit:
#   http://bugreport.java.com/bugreport/crash.jsp
#

---------------  T H R E A D  ---------------

Current thread (0x0000000001d82800):  GCTaskThread [stack: 0x0000000013050000,0x0000000013150000] [id=5288]

siginfo: ExceptionCode=0xc0000005, reading address 0x0000000740232910

Registers:
RAX=0x0000000013150000, RBX=0x000000077c80f668, RCX=0x000000077c80f668, RDX=0x0000000740232908
RSP=0x000000001314f8b8, RBP=0x000000001bc397a0, RSI=0x00000006cd1cd6b8, RDI=0x000000077c80f668
R8 =0x000000000058407b, R9 =0x000000001bc397a0, R10=0x0000000000000020, R11=0x000000077c1a0fc8
R12=0x00000006cd1cddc8, R13=0x0000000000005e00, R14=0x00000006cd1b65b8, R15=0x0000000000008000
RIP=0x00000000536e0a50, EFLAGS=0x0000000000010202

Top of Stack: (sp=0x000000001314f8b8)
0x000000001314f8b8:   000000005373d2f7 000000077c1a0fc8
0x000000001314f8c8:   000000001bc397a0 00000006cd1cd684
0x000000001314f8d8:   0000000000000004 000000077c80f668
0x000000001314f8e8:   000000005376b57a 0000000000000005
0x000000001314f8f8:   00000000537452ba 00000007c0232908
0x000000001314f908:   0000000053a2acc9 0000000000000004
0x000000001314f918:   000000005384e972 0000000000000000
0x000000001314f928:   0000000001d82f00 0000000001d7c5e0
0x000000001314f938:   0000000000005c00 0000000000000005
0x000000001314f948:   0000000053a2baba 000000001bc397a0
0x000000001314f958:   00000006cd1b65b8 0000000053c89fb8
0x000000001314f968:   0000003400000005 0000047a00000019
0x000000001314f978:   0000047b00000019 00000006cd1c65bc
0x000000001314f988:   00000006cd1b65b8 0000000700005c00
0x000000001314f998:   000000005376b5f1 000000001bc39910
0x000000001314f9a8:   0000004200000018 0000000001d82800 

Instructions: (pc=0x00000000536e0a50)
0x00000000536e0a30:   8c dd 1d 00 48 8b 9c 24 d0 00 00 00 48 81 c4 c0
0x00000000536e0a40:   00 00 00 5d c3 cc cc cc cc cc cc cc cc cc cc cc
0x00000000536e0a50:   44 8b 42 08 4c 8b ca 45 85 c0 7e 0e 41 f6 c0 01
0x00000000536e0a60:   75 57 41 c1 f8 03 41 8b c0 c3 79 4d 80 3d ce 4e 


Register to memory mapping:

RAX=0x0000000013150000 is an unknown value
RBX=0x000000077c80f668 is an unknown value
RCX=0x000000077c80f668 is an unknown value
RDX=0x0000000740232908 is an unallocated location in the heap
RSP=0x000000001314f8b8 is an unknown value
RBP=0x000000001bc397a0 is an unknown value
RSI=0x00000006cd1cd6b8 is pointing into object: 0x00000006cd1b65b8
[Lcom.sun.tools.javac.util.SharedNameTable$NameImpl; 
 - klass: 'com/sun/tools/javac/util/SharedNameTable$NameImpl'[]
 - length: 32768
RDI=0x000000077c80f668 is an unknown value
R8 =0x000000000058407b is an unknown value
R9 =0x000000001bc397a0 is an unknown value
R10=0x0000000000000020 is an unknown value
R11=0x000000077c1a0fc8 is an oop
com.sun.tools.javac.util.SharedNameTable$NameImpl 
 - klass: 'com/sun/tools/javac/util/SharedNameTable$NameImpl'
R12=0x00000006cd1cddc8 is pointing into object: 0x00000006cd1b65b8
[Lcom.sun.tools.javac.util.SharedNameTable$NameImpl; 
 - klass: 'com/sun/tools/javac/util/SharedNameTable$NameImpl'[]
 - length: 32768
R13=0x0000000000005e00 is an unknown value
R14=0x00000006cd1b65b8 is an oop
[Lcom.sun.tools.javac.util.SharedNameTable$NameImpl; 
 - klass: 'com/sun/tools/javac/util/SharedNameTable$NameImpl'[]
 - length: 32768
R15=0x0000000000008000 is an unknown value


Stack: [0x0000000013050000,0x0000000013150000],  sp=0x000000001314f8b8,  free space=1022k
Native frames: (J=compiled Java code, j=interpreted, Vv=VM code, C=native code)
V  [jvm.dll+0xb0a50]


---------------  P R O C E S S  ---------------

Java Threads: ( => current thread )
  0x000000001d4ac800 JavaThread "Service Thread" daemon [_thread_blocked, id=12188, stack(0x000000001e150000,0x000000001e250000)]
  0x000000001d46d000 JavaThread "C1 CompilerThread2" daemon [_thread_blocked, id=12192, stack(0x000000001dd90000,0x000000001de90000)]
  0x000000001d41c800 JavaThread "C2 CompilerThread1" daemon [_thread_blocked, id=12200, stack(0x000000001dbb0000,0x000000001dcb0000)]
  0x000000001d419800 JavaThread "C2 CompilerThread0" daemon [_thread_blocked, id=12196, stack(0x000000001d980000,0x000000001da80000)]
  0x000000001d40c800 JavaThread "Monitor Ctrl-Break" daemon [_thread_in_native, id=12180, stack(0x000000001d7f0000,0x000000001d8f0000)]
  0x000000001bce7800 JavaThread "Attach Listener" daemon [_thread_blocked, id=12128, stack(0x000000001d2f0000,0x000000001d3f0000)]
  0x000000001bce6800 JavaThread "Signal Dispatcher" daemon [_thread_blocked, id=12164, stack(0x000000001cc00000,0x000000001cd00000)]
  0x000000001bccc000 JavaThread "Finalizer" daemon [_thread_blocked, id=12176, stack(0x000000001d0c0000,0x000000001d1c0000)]
  0x000000001bcc5000 JavaThread "Reference Handler" daemon [_thread_blocked, id=12148, stack(0x000000001cec0000,0x000000001cfc0000)]
  0x0000000001d68000 JavaThread "main" [_thread_blocked, id=11308, stack(0x00000000026b0000,0x00000000027b0000)]

Other Threads:
  0x000000001bc7c800 VMThread [stack: 0x000000001cd80000,0x000000001ce80000] [id=10556]
  0x000000001d4b6800 WatcherThread [stack: 0x000000001e2d0000,0x000000001e3d0000] [id=12108]

=>0x0000000001d82800 (exited) GCTaskThread [stack: 0x0000000013050000,0x0000000013150000] [id=5288]

VM state:at safepoint (normal execution)

VM Mutex/Monitor currently owned by a thread:  ([mutex/lock_event])
[0x0000000001eade60] Threads_lock - owner thread: 0x000000001bc7c800
[0x0000000001eae360] Heap_lock - owner thread: 0x0000000001d68000

heap address: 0x00000006cc000000, size: 3904 MB, Compressed Oops mode: Zero based, Oop shift amount: 3
Narrow klass base: 0x0000000000000000, Narrow klass shift: 3
Compressed class space size: 1073741824 Address: 0x00000007c0000000

Heap:
 PSYoungGen      total 213504K, used 20091K [0x000000076eb00000, 0x000000077e200000, 0x00000007c0000000)
  eden space 179200K, 0% used [0x000000076eb00000,0x000000076eb00000,0x0000000779a00000)
  from space 34304K, 58% used [0x000000077c080000,0x000000077d41ec88,0x000000077e200000)
  to   space 36864K, 0% used [0x0000000779a00000,0x0000000779a00000,0x000000077be00000)
 ParOldGen       total 121344K, used 57657K [0x00000006cc000000, 0x00000006d3680000, 0x000000076eb00000)
  object space 121344K, 47% used [0x00000006cc000000,0x00000006cf84e438,0x00000006d3680000)
 Metaspace       used 27403K, capacity 28046K, committed 28416K, reserved 1075200K
  class space    used 3252K, capacity 3460K, committed 3584K, reserved 1048576K

Card table byte_map: [0x0000000011fe0000,0x0000000012790000] byte_map_base: 0x000000000e980000

Marking Bits: (ParMarkBitMap*) 0x0000000053e54ce0
 Begin Bits: [0x0000000013150000, 0x0000000016e50000)
 End Bits:   [0x0000000016e50000, 0x000000001ab50000)

Polling page: 0x0000000000250000

CodeCache: size=245760Kb used=13948Kb max_used=15107Kb free=231811Kb
 bounds [0x0000000002c20000, 0x0000000003af0000, 0x0000000011c20000]
 total_blobs=4828 nmethods=4408 adapters=333
 compilation: enabled

Compilation events (10 events):
Event: 6.853 Thread 0x000000001d46d000 4677       3       java.util.GregorianCalendar::getWeekNumber (89 bytes)
Event: 6.854 Thread 0x000000001d46d000 nmethod 4677 0x0000000002d81ad0 code [0x0000000002d81c60, 0x0000000002d823d0]
Event: 6.854 Thread 0x000000001d46d000 4683       1       org.apache.commons.compress.archivers.zip.ZipArchiveEntry::getInternalAttributes (5 bytes)
Event: 6.854 Thread 0x000000001d46d000 nmethod 4683 0x0000000003000110 code [0x0000000003000260, 0x0000000003000370]
Event: 6.857 Thread 0x000000001d419800 4681       4       java.nio.CharBuffer::<init> (22 bytes)
Event: 6.859 Thread 0x000000001d419800 nmethod 4681 0x000000000314aed0 code [0x000000000314b020, 0x000000000314b238]
Event: 6.860 Thread 0x000000001d46d000 4686       3       java.nio.CharBuffer::<init> (12 bytes)
Event: 6.861 Thread 0x000000001d46d000 nmethod 4686 0x0000000002d3bfd0 code [0x0000000002d3c140, 0x0000000002d3c368]
Event: 6.861 Thread 0x000000001d46d000 4687       3       java.nio.charset.CharsetEncoder::averageBytesPerChar (5 bytes)
Event: 6.861 Thread 0x000000001d46d000 nmethod 4687 0x000000000300a290 code [0x000000000300a3e0, 0x000000000300a530]

GC Heap History (10 events):
Event: 3.466 GC heap after
Heap after GC invocations=3 (full 0):
 PSYoungGen      total 72704K, used 10228K [0x000000076eb00000, 0x0000000777900000, 0x00000007c0000000)
  eden space 62464K, 0% used [0x000000076eb00000,0x000000076eb00000,0x0000000772800000)
  from space 10240K, 99% used [0x0000000772800000,0x00000007731fd110,0x0000000773200000)
  to   space 10240K, 0% used [0x0000000776f00000,0x0000000776f00000,0x0000000777900000)
 ParOldGen       total 166912K, used 680K [0x00000006cc000000, 0x00000006d6300000, 0x000000076eb00000)
  object space 166912K, 0% used [0x00000006cc000000,0x00000006cc0aa2e8,0x00000006d6300000)
 Metaspace       used 19907K, capacity 20244K, committed 20480K, reserved 1067008K
  class space    used 2446K, capacity 2550K, committed 2560K, reserved 1048576K
}
Event: 3.927 GC heap before
{Heap before GC invocations=4 (full 0):
 PSYoungGen      total 72704K, used 66633K [0x000000076eb00000, 0x0000000777900000, 0x00000007c0000000)
  eden space 62464K, 90% used [0x000000076eb00000,0x00000007722154c8,0x0000000772800000)
  from space 10240K, 99% used [0x0000000772800000,0x00000007731fd110,0x0000000773200000)
  to   space 10240K, 0% used [0x0000000776f00000,0x0000000776f00000,0x0000000777900000)
 ParOldGen       total 166912K, used 680K [0x00000006cc000000, 0x00000006d6300000, 0x000000076eb00000)
  object space 166912K, 0% used [0x00000006cc000000,0x00000006cc0aa2e8,0x00000006d6300000)
 Metaspace       used 20832K, capacity 21172K, committed 21296K, reserved 1069056K
  class space    used 2533K, capacity 2646K, committed 2688K, reserved 1048576K
Event: 4.013 GC heap after
Heap after GC invocations=4 (full 0):
 PSYoungGen      total 135168K, used 10224K [0x000000076eb00000, 0x0000000777900000, 0x00000007c0000000)
  eden space 124928K, 0% used [0x000000076eb00000,0x000000076eb00000,0x0000000776500000)
  from space 10240K, 99% used [0x0000000776f00000,0x00000007778fc050,0x0000000777900000)
  to   space 10240K, 0% used [0x0000000776500000,0x0000000776500000,0x0000000776f00000)
 ParOldGen       total 166912K, used 9504K [0x00000006cc000000, 0x00000006d6300000, 0x000000076eb00000)
  object space 166912K, 5% used [0x00000006cc000000,0x00000006cc9482b0,0x00000006d6300000)
 Metaspace       used 20832K, capacity 21172K, committed 21296K, reserved 1069056K
  class space    used 2533K, capacity 2646K, committed 2688K, reserved 1048576K
}
Event: 4.013 GC heap before
{Heap before GC invocations=5 (full 1):
 PSYoungGen      total 135168K, used 10224K [0x000000076eb00000, 0x0000000777900000, 0x00000007c0000000)
  eden space 124928K, 0% used [0x000000076eb00000,0x000000076eb00000,0x0000000776500000)
  from space 10240K, 99% used [0x0000000776f00000,0x00000007778fc050,0x0000000777900000)
  to   space 10240K, 0% used [0x0000000776500000,0x0000000776500000,0x0000000776f00000)
 ParOldGen       total 166912K, used 9504K [0x00000006cc000000, 0x00000006d6300000, 0x000000076eb00000)
  object space 166912K, 5% used [0x00000006cc000000,0x00000006cc9482b0,0x00000006d6300000)
 Metaspace       used 20832K, capacity 21172K, committed 21296K, reserved 1069056K
  class space    used 2533K, capacity 2646K, committed 2688K, reserved 1048576K
Event: 4.259 GC heap after
Heap after GC invocations=5 (full 1):
 PSYoungGen      total 135168K, used 0K [0x000000076eb00000, 0x0000000777900000, 0x00000007c0000000)
  eden space 124928K, 0% used [0x000000076eb00000,0x000000076eb00000,0x0000000776500000)
  from space 10240K, 0% used [0x0000000776f00000,0x0000000776f00000,0x0000000777900000)
  to   space 10240K, 0% used [0x0000000776500000,0x0000000776500000,0x0000000776f00000)
 ParOldGen       total 121344K, used 18932K [0x00000006cc000000, 0x00000006d3680000, 0x000000076eb00000)
  object space 121344K, 15% used [0x00000006cc000000,0x00000006cd27d1a8,0x00000006d3680000)
 Metaspace       used 20832K, capacity 21172K, committed 21296K, reserved 1069056K
  class space    used 2533K, capacity 2646K, committed 2688K, reserved 1048576K
}
Event: 6.438 GC heap before
{Heap before GC invocations=6 (full 1):
 PSYoungGen      total 135168K, used 122257K [0x000000076eb00000, 0x0000000777900000, 0x00000007c0000000)
  eden space 124928K, 97% used [0x000000076eb00000,0x00000007762646f0,0x0000000776500000)
  from space 10240K, 0% used [0x0000000776f00000,0x0000000776f00000,0x0000000777900000)
  to   space 10240K, 0% used [0x0000000776500000,0x0000000776500000,0x0000000776f00000)
 ParOldGen       total 121344K, used 23815K [0x00000006cc000000, 0x00000006d3680000, 0x000000076eb00000)
  object space 121344K, 19% used [0x00000006cc000000,0x00000006cd741cf8,0x00000006d3680000)
 Metaspace       used 27361K, capacity 28046K, committed 28416K, reserved 1075200K
  class space    used 3251K, capacity 3460K, committed 3584K, reserved 1048576K
Event: 6.465 GC heap after
Heap after GC invocations=6 (full 1):
 PSYoungGen      total 135168K, used 10238K [0x000000076eb00000, 0x000000077e700000, 0x00000007c0000000)
  eden space 124928K, 0% used [0x000000076eb00000,0x000000076eb00000,0x0000000776500000)
  from space 10240K, 99% used [0x0000000776500000,0x0000000776effb28,0x0000000776f00000)
  to   space 39424K, 0% used [0x000000077c080000,0x000000077c080000,0x000000077e700000)
 ParOldGen       total 121344K, used 57649K [0x00000006cc000000, 0x00000006d3680000, 0x000000076eb00000)
  object space 121344K, 47% used [0x00000006cc000000,0x00000006cf84c438,0x00000006d3680000)
 Metaspace       used 27361K, capacity 28046K, committed 28416K, reserved 1075200K
  class space    used 3251K, capacity 3460K, committed 3584K, reserved 1048576K
}
Event: 6.867 GC heap before
{Heap before GC invocations=7 (full 1):
 PSYoungGen      total 135168K, used 20030K [0x000000076eb00000, 0x000000077e700000, 0x00000007c0000000)
  eden space 124928K, 7% used [0x000000076eb00000,0x000000076f48fd88,0x0000000776500000)
  from space 10240K, 99% used [0x0000000776500000,0x0000000776effb28,0x0000000776f00000)
  to   space 39424K, 0% used [0x000000077c080000,0x000000077c080000,0x000000077e700000)
 ParOldGen       total 121344K, used 57649K [0x00000006cc000000, 0x00000006d3680000, 0x000000076eb00000)
  object space 121344K, 47% used [0x00000006cc000000,0x00000006cf84c438,0x00000006d3680000)
 Metaspace       used 27403K, capacity 28046K, committed 28416K, reserved 1075200K
  class space    used 3252K, capacity 3460K, committed 3584K, reserved 1048576K
Event: 6.939 GC heap after
Heap after GC invocations=7 (full 1):
 PSYoungGen      total 213504K, used 20091K [0x000000076eb00000, 0x000000077e200000, 0x00000007c0000000)
  eden space 179200K, 0% used [0x000000076eb00000,0x000000076eb00000,0x0000000779a00000)
  from space 34304K, 58% used [0x000000077c080000,0x000000077d41ec88,0x000000077e200000)
  to   space 36864K, 0% used [0x0000000779a00000,0x0000000779a00000,0x000000077be00000)
 ParOldGen       total 121344K, used 57657K [0x00000006cc000000, 0x00000006d3680000, 0x000000076eb00000)
  object space 121344K, 47% used [0x00000006cc000000,0x00000006cf84e438,0x00000006d3680000)
 Metaspace       used 27403K, capacity 28046K, committed 28416K, reserved 1075200K
  class space    used 3252K, capacity 3460K, committed 3584K, reserved 1048576K
}
Event: 6.939 GC heap before
{Heap before GC invocations=8 (full 2):
 PSYoungGen      total 213504K, used 20091K [0x000000076eb00000, 0x000000077e200000, 0x00000007c0000000)
  eden space 179200K, 0% used [0x000000076eb00000,0x000000076eb00000,0x0000000779a00000)
  from space 34304K, 58% used [0x000000077c080000,0x000000077d41ec88,0x000000077e200000)
  to   space 36864K, 0% used [0x0000000779a00000,0x0000000779a00000,0x000000077be00000)
 ParOldGen       total 121344K, used 57657K [0x00000006cc000000, 0x00000006d3680000, 0x000000076eb00000)
  object space 121344K, 47% used [0x00000006cc000000,0x00000006cf84e438,0x00000006d3680000)
 Metaspace       used 27403K, capacity 28046K, committed 28416K, reserved 1075200K
  class space    used 3252K, capacity 3460K, committed 3584K, reserved 1048576K

Deoptimization events (10 events):
Event: 4.934 Thread 0x0000000001d68000 Uncommon trap: reason=speculate_class_check action=maybe_recompile pc=0x00000000033145c0 method=java.nio.charset.CharsetDecoder.decode(Ljava/nio/ByteBuffer;Ljava/nio/CharBuffer;Z)Ljava/nio/charset/CoderResult; @ 57
Event: 4.935 Thread 0x0000000001d68000 Uncommon trap: reason=speculate_class_check action=maybe_recompile pc=0x00000000033145c0 method=java.nio.charset.CharsetDecoder.decode(Ljava/nio/ByteBuffer;Ljava/nio/CharBuffer;Z)Ljava/nio/charset/CoderResult; @ 57
Event: 4.935 Thread 0x0000000001d68000 Uncommon trap: reason=speculate_class_check action=maybe_recompile pc=0x00000000032c8918 method=java.nio.charset.CharsetDecoder.decode(Ljava/nio/ByteBuffer;Ljava/nio/CharBuffer;Z)Ljava/nio/charset/CoderResult; @ 57
Event: 4.936 Thread 0x0000000001d68000 Uncommon trap: reason=speculate_class_check action=maybe_recompile pc=0x00000000032c8918 method=java.nio.charset.CharsetDecoder.decode(Ljava/nio/ByteBuffer;Ljava/nio/CharBuffer;Z)Ljava/nio/charset/CoderResult; @ 57
Event: 5.037 Thread 0x0000000001d68000 Uncommon trap: reason=unstable_if action=reinterpret pc=0x0000000003889d80 method=org.apache.maven.model.ConfigurationContainer.clone()Lorg/apache/maven/model/ConfigurationContainer; @ 37
Event: 5.379 Thread 0x0000000001d68000 Uncommon trap: reason=unstable_if action=reinterpret pc=0x00000000038d8e50 method=java.util.jar.Attributes$Name.isAlpha(C)Z @ 21
Event: 5.679 Thread 0x0000000001d68000 Uncommon trap: reason=unstable_if action=reinterpret pc=0x0000000002f57de4 method=java.util.HashMap.hash(Ljava/lang/Object;)I @ 1
Event: 5.694 Thread 0x0000000001d68000 Uncommon trap: reason=unstable_if action=reinterpret pc=0x0000000002f3d0fc method=java.lang.CharacterDataLatin1.isWhitespace(I)Z @ 14
Event: 5.753 Thread 0x0000000001d68000 Uncommon trap: reason=predicate action=maybe_recompile pc=0x00000000036ad6b8 method=java.lang.String.regionMatches(ZILjava/lang/String;II)Z @ 63
Event: 5.778 Thread 0x0000000001d68000 Uncommon trap: reason=unstable_if action=reinterpret pc=0x000000000390368c method=java.util.Properties$LineReader.readLine()I @ 323

Classes redefined (0 events):
No events

Internal exceptions (10 events):
Event: 6.097 Thread 0x0000000001d68000 Exception <a 'sun/nio/fs/WindowsException'> (0x0000000773b0dd30) thrown at [C:\re\workspace\8-2-build-windows-amd64-cygwin\jdk8u201\12322\hotspot\src\share\vm\prims\jni.cpp, line 709]
Event: 6.100 Thread 0x0000000001d68000 Exception <a 'sun/nio/fs/WindowsException'> (0x0000000773b11868) thrown at [C:\re\workspace\8-2-build-windows-amd64-cygwin\jdk8u201\12322\hotspot\src\share\vm\prims\jni.cpp, line 709]
Event: 6.103 Thread 0x0000000001d68000 Exception <a 'sun/nio/fs/WindowsException'> (0x0000000773b153e0) thrown at [C:\re\workspace\8-2-build-windows-amd64-cygwin\jdk8u201\12322\hotspot\src\share\vm\prims\jni.cpp, line 709]
Event: 6.106 Thread 0x0000000001d68000 Exception <a 'sun/nio/fs/WindowsException'> (0x0000000773b18f38) thrown at [C:\re\workspace\8-2-build-windows-amd64-cygwin\jdk8u201\12322\hotspot\src\share\vm\prims\jni.cpp, line 709]
Event: 6.109 Thread 0x0000000001d68000 Exception <a 'sun/nio/fs/WindowsException'> (0x0000000773b1c768) thrown at [C:\re\workspace\8-2-build-windows-amd64-cygwin\jdk8u201\12322\hotspot\src\share\vm\prims\jni.cpp, line 709]
Event: 6.112 Thread 0x0000000001d68000 Exception <a 'sun/nio/fs/WindowsException'> (0x0000000773b206b8) thrown at [C:\re\workspace\8-2-build-windows-amd64-cygwin\jdk8u201\12322\hotspot\src\share\vm\prims\jni.cpp, line 709]
Event: 6.116 Thread 0x0000000001d68000 Exception <a 'sun/nio/fs/WindowsException'> (0x0000000773b24558) thrown at [C:\re\workspace\8-2-build-windows-amd64-cygwin\jdk8u201\12322\hotspot\src\share\vm\prims\jni.cpp, line 709]
Event: 6.119 Thread 0x0000000001d68000 Exception <a 'sun/nio/fs/WindowsException'> (0x0000000773b286e8) thrown at [C:\re\workspace\8-2-build-windows-amd64-cygwin\jdk8u201\12322\hotspot\src\share\vm\prims\jni.cpp, line 709]
Event: 6.122 Thread 0x0000000001d68000 Exception <a 'sun/nio/fs/WindowsException'> (0x0000000773b2c9b8) thrown at [C:\re\workspace\8-2-build-windows-amd64-cygwin\jdk8u201\12322\hotspot\src\share\vm\prims\jni.cpp, line 709]
Event: 6.126 Thread 0x0000000001d68000 Exception <a 'sun/nio/fs/WindowsException'> (0x0000000773b30c20) thrown at [C:\re\workspace\8-2-build-windows-amd64-cygwin\jdk8u201\12322\hotspot\src\share\vm\prims\jni.cpp, line 709]

Events (10 events):
Event: 6.840 Thread 0x000000001d46d000 flushing nmethod 0x0000000003321250
Event: 6.846 Executing VM operation: RevokeBias
Event: 6.846 Executing VM operation: RevokeBias done
Event: 6.865 loading class org/codehaus/plexus/components/io/resources/proxy/PlexusIoProxyResourceCollection
Event: 6.865 loading class org/codehaus/plexus/components/io/resources/proxy/PlexusIoProxyResourceCollection done
Event: 6.865 loading class org/codehaus/plexus/components/io/resources/proxy/PlexusIoProxyResourceCollection
Event: 6.865 loading class org/codehaus/plexus/components/io/resources/proxy/PlexusIoProxyResourceCollection done
Event: 6.867 Thread 0x0000000001d68000 DEOPT PACKING pc=0x00000000032b447f sp=0x00000000027ae210
Event: 6.867 Thread 0x0000000001d68000 DEOPT UNPACKING pc=0x0000000002c67490 sp=0x00000000027adf38 mode 0
Event: 6.867 Executing VM operation: ParallelGCSystemGC


Dynamic libraries:
0x000000013f150000 - 0x000000013f187000 	C:\Java\tools\JDK 1.8\bin\java.exe
0x0000000077170000 - 0x000000007731a000 	C:\Windows\SYSTEM32\ntdll.dll
0x0000000076cd0000 - 0x0000000076def000 	C:\Windows\system32\kernel32.dll
0x000007fefd930000 - 0x000007fefd99b000 	C:\Windows\system32\KERNELBASE.dll
0x000007fefee40000 - 0x000007fefef1b000 	C:\Windows\system32\ADVAPI32.dll
0x000007feff2b0000 - 0x000007feff34f000 	C:\Windows\system32\msvcrt.dll
0x000007feff000000 - 0x000007feff01f000 	C:\Windows\SYSTEM32\sechost.dll
0x000007feff350000 - 0x000007feff47d000 	C:\Windows\system32\RPCRT4.dll
0x0000000076bd0000 - 0x0000000076cca000 	C:\Windows\system32\USER32.dll
0x000007feff150000 - 0x000007feff1b7000 	C:\Windows\system32\GDI32.dll
0x000007feff2a0000 - 0x000007feff2ae000 	C:\Windows\system32\LPK.dll
0x000007fefdce0000 - 0x000007fefddaa000 	C:\Windows\system32\USP10.dll
0x000007fefbe00000 - 0x000007fefbff4000 	C:\Windows\WinSxS\amd64_microsoft.windows.common-controls_6595b64144ccf1df_6.0.7601.17514_none_fa396087175ac9ac\COMCTL32.dll
0x000007feff1c0000 - 0x000007feff231000 	C:\Windows\system32\SHLWAPI.dll
0x000007fefda40000 - 0x000007fefda6e000 	C:\Windows\system32\IMM32.DLL
0x000007feff040000 - 0x000007feff149000 	C:\Windows\system32\MSCTF.dll
0x0000000073690000 - 0x0000000073761000 	C:\Java\tools\JDK 1.8\jre\bin\msvcr100.dll
0x0000000053630000 - 0x0000000053ed4000 	C:\Java\tools\JDK 1.8\jre\bin\server\jvm.dll
0x000007fef9260000 - 0x000007fef9269000 	C:\Windows\system32\WSOCK32.dll
0x000007fefde50000 - 0x000007fefde9d000 	C:\Windows\system32\WS2_32.dll
0x000007fefda70000 - 0x000007fefda78000 	C:\Windows\system32\NSI.dll
0x000007fefb3c0000 - 0x000007fefb3fb000 	C:\Windows\system32\WINMM.dll
0x000007fefc6c0000 - 0x000007fefc6cc000 	C:\Windows\system32\VERSION.dll
0x0000000077340000 - 0x0000000077347000 	C:\Windows\system32\PSAPI.DLL
0x000007fefbdf0000 - 0x000007fefbdff000 	C:\Java\tools\JDK 1.8\jre\bin\verify.dll
0x000007fefada0000 - 0x000007fefadc9000 	C:\Java\tools\JDK 1.8\jre\bin\java.dll
0x000007fee54c0000 - 0x000007fee54e3000 	C:\Java\tools\JDK 1.8\jre\bin\instrument.dll
0x000007fefbdd0000 - 0x000007fefbde6000 	C:\Java\tools\JDK 1.8\jre\bin\zip.dll
0x000007fefe0b0000 - 0x000007fefee38000 	C:\Windows\system32\SHELL32.dll
0x000007fefdea0000 - 0x000007fefe0a3000 	C:\Windows\system32\ole32.dll
0x000007fefd5d0000 - 0x000007fefd5df000 	C:\Windows\system32\profapi.dll
0x000007fef92d0000 - 0x000007fef92ea000 	C:\Program Files\JetBrains\IntelliJ IDEA 2018.2\bin\breakgen64.dll
0x000007fefad80000 - 0x000007fefad9a000 	C:\Java\tools\JDK 1.8\jre\bin\net.dll
0x0000000076df0000 - 0x0000000076f47000 	C:\Windows\system32\urlmon.dll
0x000007fefef20000 - 0x000007fefeff8000 	C:\Windows\system32\OLEAUT32.dll
0x0000000076f50000 - 0x0000000077162000 	C:\Windows\system32\iertutil.dll
0x0000000076a70000 - 0x0000000076bcb000 	C:\Windows\system32\WININET.dll
0x0000000077330000 - 0x0000000077333000 	C:\Windows\system32\Normaliz.dll
0x000007fefce00000 - 0x000007fefce55000 	C:\Windows\system32\mswsock.dll
0x000007fefcdf0000 - 0x000007fefcdf7000 	C:\Windows\System32\wship6.dll
0x000007fefad60000 - 0x000007fefad71000 	C:\Java\tools\JDK 1.8\jre\bin\nio.dll
0x000007fef53e0000 - 0x000007fef5505000 	C:\Windows\system32\dbghelp.dll

VM Arguments:
jvm_args: -Dmaven.multiModuleProjectDirectory=C:\Users\postgre\Desktop\SecurityTest -Dmaven.home=C:\Program Files\JetBrains\IntelliJ IDEA 2018.2\plugins\maven\lib\maven3 -Dclassworlds.conf=C:\Program Files\JetBrains\IntelliJ IDEA 2018.2\plugins\maven\lib\maven3\bin\m2.conf -javaagent:C:\Program Files\JetBrains\IntelliJ IDEA 2018.2\lib\idea_rt.jar=52539:C:\Program Files\JetBrains\IntelliJ IDEA 2018.2\bin -Dfile.encoding=UTF-8 
java_command: org.codehaus.classworlds.Launcher -Didea.version=2018.2 package
java_class_path (initial): C:\Program Files\JetBrains\IntelliJ IDEA 2018.2\plugins\maven\lib\maven3\boot\plexus-classworlds-2.5.2.jar;C:\Program Files\JetBrains\IntelliJ IDEA 2018.2\lib\idea_rt.jar
Launcher Type: SUN_STANDARD

Environment Variables:
JAVA_HOME=C:\Java\tools\JDK 1.8
JRE_HOME=C:\Java\tools\JDK 1.8\jre
CLASSPATH=;
PATH=C:\Users\postgre\;C:\Program Files (x86)\Common Files\Oracle\Java\javapath;C:\ProgramData\Oracle\Java\javapath;C:\Program Files (x86)\AMD\ATI.ACE\Core-Static;C:\PostgreSQL\bin;C:\Windows\System32;C:\Java\tools\JDK 1.7\bin;C:\Java\tools\JDK 1.7\jre\bin;C:\Java\tools\apache-maven-3.6.0\bin;C:\JS\tools\nodejs\;C:\Program Files\Git\cmd;;C:\JS\tools\bin;C:\Users\postgre\AppData\Roaming\npm
USERNAME=postgre
OS=Windows_NT
PROCESSOR_IDENTIFIER=AMD64 Family 18 Model 1 Stepping 0, AuthenticAMD



---------------  S Y S T E M  ---------------

OS: Windows 7 , 64 bit Build 7601 (6.1.7601.19135)

CPU:total 4 (initial active 4) (4 cores per cpu, 1 threads per core) family 18 model 1 stepping 0, cmov, cx8, fxsr, mmx, sse, sse2, sse3, popcnt, mmxext, 3dnowpref, lzcnt, sse4a, tsc, tscinvbit, tscinv

Memory: 4k page, physical 15988152k(10668664k free), swap 28042724k(21678376k free)

vm_info: Java HotSpot(TM) 64-Bit Server VM (25.201-b09) for windows-amd64 JRE (1.8.0_201-b09), built on Dec 15 2018 18:36:39 by "java_re" with MS VC++ 10.0 (VS2010)

time: Sat Aug 03 13:10:21 2019
timezone: Московское время (зима)
elapsed time: 6 seconds (0d 0h 0m 6s)

