#
# A fatal error has been detected by the Java Runtime Environment:
#
#  EXCEPTION_ACCESS_VIOLATION (0xc0000005) at pc=0x0000000056009e55, pid=5156, tid=0x0000000000002bb0
#
# JRE version: Java(TM) SE Runtime Environment (8.0_201-b09) (build 1.8.0_201-b09)
# Java VM: Java HotSpot(TM) 64-Bit Server VM (25.201-b09 mixed mode windows-amd64 compressed oops)
# Problematic frame:
# V  [jvm.dll+0x519e55]
#
# Failed to write core dump. Minidumps are not enabled by default on client versions of Windows
#
# If you would like to submit a bug report, please visit:
#   http://bugreport.java.com/bugreport/crash.jsp
#

---------------  T H R E A D  ---------------

Current thread (0x000000001d559800):  JavaThread "C2 CompilerThread0" daemon [_thread_in_native, id=11184, stack(0x000000001db10000,0x000000001dc10000)]

siginfo: ExceptionCode=0xc0000005, reading address 0x000000005415ecf8

Registers:
RAX=0x000000005415ec68, RBX=0x0000000000000001, RCX=0x000000001e54c6b0, RDX=0x000000001e54c438
RSP=0x000000001dc0bfb0, RBP=0x000000001dc0c0b0, RSI=0x0000000000000005, RDI=0x000000001e457a70
R8 =0x000000000000114e, R9 =0x000000000000114e, R10=0x0000000000000002, R11=0x0000000000000028
R12=0x000000001e457a80, R13=0x00000000203aafb0, R14=0x000000001dc0c6a0, R15=0x000000001e54c6b0
RIP=0x0000000056009e55, EFLAGS=0x0000000000010293

Top of Stack: (sp=0x000000001dc0bfb0)
0x000000001dc0bfb0:   0000000000000023 000000001f294360
0x000000001dc0bfc0:   000000001f294360 0000000000000001
0x000000001dc0bfd0:   0000000000002091 000000001f96bf20
0x000000001dc0bfe0:   000000001f4e3a70 000000001dc0c1b0
0x000000001dc0bff0:   0000000000000002 0000000000007fe8
0x000000001dc0c000:   0000000000000005 000000001e457a70
0x000000001dc0c010:   0000000000000002 0000000000000002
0x000000001dc0c020:   0000000000000000 0000000200000006
0x000000001dc0c030:   0000208500000000 000000001dc0c380
0x000000001dc0c040:   000000000000000f 000000001ec5c7d0
0x000000001dc0c050:   0000000000000002 0000208500000006
0x000000001dc0c060:   000000001dc0c380 000000000000000f
0x000000001dc0c070:   000000001f13ae30 0000000000002080
0x000000001dc0c080:   00000000203aafb0 000000001d57e220
0x000000001dc0c090:   ffffffffe1b51550 00000000000003d8
0x000000001dc0c0a0:   000000001d57e5f8 000000001d57e210 

Instructions: (pc=0x0000000056009e55)
0x0000000056009e35:   33 c0 49 89 04 db e9 fe fb ff ff 41 0f b6 47 2c
0x0000000056009e45:   24 7f 3c 4a 0f 84 12 04 00 00 49 8b 07 49 8b cf
0x0000000056009e55:   ff 90 90 00 00 00 4c 8b c8 48 89 44 24 70 48 85
0x0000000056009e65:   c0 74 15 48 8b c8 e8 10 71 f4 ff 4c 8b 4c 24 70 


Register to memory mapping:

RAX=0x000000005415ec68 is an unknown value
RBX=0x0000000000000001 is an unknown value
RCX=0x000000001e54c6b0 is an unknown value
RDX=0x000000001e54c438 is an unknown value
RSP=0x000000001dc0bfb0 is pointing into the stack for thread: 0x000000001d559800
RBP=0x000000001dc0c0b0 is pointing into the stack for thread: 0x000000001d559800
RSI=0x0000000000000005 is an unknown value
RDI=0x000000001e457a70 is an unknown value
R8 =0x000000000000114e is an unknown value
R9 =0x000000000000114e is an unknown value
R10=0x0000000000000002 is an unknown value
R11=0x0000000000000028 is an unknown value
R12=0x000000001e457a80 is an unknown value
R13=0x00000000203aafb0 is an unknown value
R14=0x000000001dc0c6a0 is pointing into the stack for thread: 0x000000001d559800
R15=0x000000001e54c6b0 is an unknown value


Stack: [0x000000001db10000,0x000000001dc10000],  sp=0x000000001dc0bfb0,  free space=1007k
Native frames: (J=compiled Java code, j=interpreted, Vv=VM code, C=native code)
V  [jvm.dll+0x519e55]
V  [jvm.dll+0x46ca32]
V  [jvm.dll+0x477e7b]
V  [jvm.dll+0x47a787]
V  [jvm.dll+0x45cfa2]
V  [jvm.dll+0xa6b42]
V  [jvm.dll+0xa748f]
V  [jvm.dll+0x24656f]
V  [jvm.dll+0x29fb6a]
C  [msvcr100.dll+0x21db7]
C  [msvcr100.dll+0x21e53]
C  [kernel32.dll+0x159ed]
C  [ntdll.dll+0x2b371]


Current CompileTask:
C2:   4026 2498   !   4       org.codehaus.plexus.interpolation.StringSearchInterpolator::interpolate (655 bytes)


---------------  P R O C E S S  ---------------

Java Threads: ( => current thread )
  0x000000001d5bf000 JavaThread "Service Thread" daemon [_thread_blocked, id=10768, stack(0x000000001dc10000,0x000000001dd10000)]
  0x000000001d5ad000 JavaThread "C1 CompilerThread2" daemon [_thread_blocked, id=9968, stack(0x000000001df30000,0x000000001e030000)]
  0x000000001d55c800 JavaThread "C2 CompilerThread1" daemon [_thread_blocked, id=7776, stack(0x000000001dd60000,0x000000001de60000)]
=>0x000000001d559800 JavaThread "C2 CompilerThread0" daemon [_thread_in_native, id=11184, stack(0x000000001db10000,0x000000001dc10000)]
  0x000000001d54c800 JavaThread "Monitor Ctrl-Break" daemon [_thread_in_native, id=8128, stack(0x000000001d9e0000,0x000000001dae0000)]
  0x000000001bcc7800 JavaThread "Attach Listener" daemon [_thread_blocked, id=2312, stack(0x000000001d430000,0x000000001d530000)]
  0x000000001bcc6800 JavaThread "Signal Dispatcher" daemon [_thread_blocked, id=3920, stack(0x000000001d280000,0x000000001d380000)]
  0x000000001bcac000 JavaThread "Finalizer" daemon [_thread_blocked, id=10416, stack(0x000000001d160000,0x000000001d260000)]
  0x000000001bca5000 JavaThread "Reference Handler" daemon [_thread_blocked, id=6576, stack(0x000000001cf30000,0x000000001d030000)]
  0x0000000001d58000 JavaThread "main" [_thread_in_Java, id=10664, stack(0x0000000002550000,0x0000000002650000)]

Other Threads:
  0x000000001bc5c800 VMThread [stack: 0x000000001cd80000,0x000000001ce80000] [id=3988]
  0x000000001d5f8000 WatcherThread [stack: 0x000000001e040000,0x000000001e140000] [id=8068]

VM state:not at safepoint (normal execution)

VM Mutex/Monitor currently owned by a thread:  ([mutex/lock_event])
[0x000000000010e860] Compile_lock - owner thread: 0x0000000000000000

heap address: 0x00000006cc000000, size: 3904 MB, Compressed Oops mode: Zero based, Oop shift amount: 3
Narrow klass base: 0x0000000000000000, Narrow klass shift: 3
Compressed class space size: 1073741824 Address: 0x00000007c0000000

Heap:
 PSYoungGen      total 135168K, used 53337K [0x000000076eb00000, 0x0000000777900000, 0x00000007c0000000)
  eden space 124928K, 34% used [0x000000076eb00000,0x00000007715a9628,0x0000000776500000)
  from space 10240K, 94% used [0x0000000776f00000,0x000000077786d120,0x0000000777900000)
  to   space 10240K, 0% used [0x0000000776500000,0x0000000776500000,0x0000000776f00000)
 ParOldGen       total 166912K, used 24K [0x00000006cc000000, 0x00000006d6300000, 0x000000076eb00000)
  object space 166912K, 0% used [0x00000006cc000000,0x00000006cc006000,0x00000006d6300000)
 Metaspace       used 16359K, capacity 16696K, committed 17024K, reserved 1064960K
  class space    used 1969K, capacity 2094K, committed 2176K, reserved 1048576K

Card table byte_map: [0x0000000011ea0000,0x0000000012650000] byte_map_base: 0x000000000e840000

Marking Bits: (ParMarkBitMap*) 0x0000000056314ce0
 Begin Bits: [0x0000000013130000, 0x0000000016e30000)
 End Bits:   [0x0000000016e30000, 0x000000001ab30000)

Polling page: 0x0000000001c80000

CodeCache: size=245760Kb used=9230Kb max_used=9241Kb free=236529Kb
 bounds [0x0000000002ae0000, 0x00000000033f0000, 0x0000000011ae0000]
 total_blobs=3119 nmethods=2772 adapters=260
 compilation: enabled

Compilation events (10 events):
Event: 3.982 Thread 0x000000001d5ad000 nmethod 2760 0x00000000033e17d0 code [0x00000000033e1920, 0x00000000033e1a30]
Event: 3.982 Thread 0x000000001d5ad000 2761       1       org.apache.maven.artifact.DefaultArtifact::getArtifactHandler (5 bytes)
Event: 3.982 Thread 0x000000001d5ad000 nmethod 2761 0x00000000033e0190 code [0x00000000033e02e0, 0x00000000033e03f0]
Event: 3.982 Thread 0x000000001d5ad000 2756       1       org.eclipse.aether.resolution.ArtifactRequest::getDependencyNode (5 bytes)
Event: 3.983 Thread 0x000000001d5ad000 nmethod 2756 0x00000000033dfed0 code [0x00000000033e0020, 0x00000000033e0130]
Event: 4.003 Thread 0x000000001d55c800 2772       4       java.util.jar.Manifest$FastInputStream::readLine (167 bytes)
Event: 4.007 Thread 0x000000001d5ad000 2773       3       java.util.ArrayList::rangeCheckForAdd (26 bytes)
Event: 4.008 Thread 0x000000001d5ad000 nmethod 2773 0x00000000033e5f10 code [0x00000000033e6120, 0x00000000033e6c58]
Event: 4.008 Thread 0x000000001d5ad000 2774       3       java.util.ArrayList::add (54 bytes)
Event: 4.008 Thread 0x000000001d55c800 nmethod 2772 0x00000000033e8d50 code [0x00000000033e8ea0, 0x00000000033e92c8]

GC Heap History (4 events):
Event: 1.329 GC heap before
{Heap before GC invocations=1 (full 0):
 PSYoungGen      total 72704K, used 62464K [0x000000076eb00000, 0x0000000773c00000, 0x00000007c0000000)
  eden space 62464K, 100% used [0x000000076eb00000,0x0000000772800000,0x0000000772800000)
  from space 10240K, 0% used [0x0000000773200000,0x0000000773200000,0x0000000773c00000)
  to   space 10240K, 0% used [0x0000000772800000,0x0000000772800000,0x0000000773200000)
 ParOldGen       total 166912K, used 0K [0x00000006cc000000, 0x00000006d6300000, 0x000000076eb00000)
  object space 166912K, 0% used [0x00000006cc000000,0x00000006cc000000,0x00000006d6300000)
 Metaspace       used 10864K, capacity 11042K, committed 11264K, reserved 1058816K
  class space    used 1366K, capacity 1447K, committed 1536K, reserved 1048576K
Event: 1.343 GC heap after
Heap after GC invocations=1 (full 0):
 PSYoungGen      total 72704K, used 8540K [0x000000076eb00000, 0x0000000777900000, 0x00000007c0000000)
  eden space 62464K, 0% used [0x000000076eb00000,0x000000076eb00000,0x0000000772800000)
  from space 10240K, 83% used [0x0000000772800000,0x0000000773057398,0x0000000773200000)
  to   space 10240K, 0% used [0x0000000776f00000,0x0000000776f00000,0x0000000777900000)
 ParOldGen       total 166912K, used 8K [0x00000006cc000000, 0x00000006d6300000, 0x000000076eb00000)
  object space 166912K, 0% used [0x00000006cc000000,0x00000006cc002000,0x00000006d6300000)
 Metaspace       used 10864K, capacity 11042K, committed 11264K, reserved 1058816K
  class space    used 1366K, capacity 1447K, committed 1536K, reserved 1048576K
}
Event: 2.976 GC heap before
{Heap before GC invocations=2 (full 0):
 PSYoungGen      total 72704K, used 71004K [0x000000076eb00000, 0x0000000777900000, 0x00000007c0000000)
  eden space 62464K, 100% used [0x000000076eb00000,0x0000000772800000,0x0000000772800000)
  from space 10240K, 83% used [0x0000000772800000,0x0000000773057398,0x0000000773200000)
  to   space 10240K, 0% used [0x0000000776f00000,0x0000000776f00000,0x0000000777900000)
 ParOldGen       total 166912K, used 8K [0x00000006cc000000, 0x00000006d6300000, 0x000000076eb00000)
  object space 166912K, 0% used [0x00000006cc000000,0x00000006cc002000,0x00000006d6300000)
 Metaspace       used 15289K, capacity 15600K, committed 15872K, reserved 1062912K
  class space    used 1869K, capacity 1982K, committed 2048K, reserved 1048576K
Event: 3.040 GC heap after
Heap after GC invocations=2 (full 0):
 PSYoungGen      total 135168K, used 9652K [0x000000076eb00000, 0x0000000777900000, 0x00000007c0000000)
  eden space 124928K, 0% used [0x000000076eb00000,0x000000076eb00000,0x0000000776500000)
  from space 10240K, 94% used [0x0000000776f00000,0x000000077786d120,0x0000000777900000)
  to   space 10240K, 0% used [0x0000000776500000,0x0000000776500000,0x0000000776f00000)
 ParOldGen       total 166912K, used 24K [0x00000006cc000000, 0x00000006d6300000, 0x000000076eb00000)
  object space 166912K, 0% used [0x00000006cc000000,0x00000006cc006000,0x00000006d6300000)
 Metaspace       used 15289K, capacity 15600K, committed 15872K, reserved 1062912K
  class space    used 1869K, capacity 1982K, committed 2048K, reserved 1048576K
}

Deoptimization events (10 events):
Event: 2.912 Thread 0x0000000001d58000 Uncommon trap: reason=bimorphic action=maybe_recompile pc=0x00000000030496e8 method=java.util.concurrent.ConcurrentHashMap.get(Ljava/lang/Object;)Ljava/lang/Object; @ 149
Event: 2.916 Thread 0x0000000001d58000 Uncommon trap: reason=bimorphic action=maybe_recompile pc=0x00000000030496e8 method=java.util.concurrent.ConcurrentHashMap.get(Ljava/lang/Object;)Ljava/lang/Object; @ 149
Event: 2.923 Thread 0x0000000001d58000 Uncommon trap: reason=bimorphic action=maybe_recompile pc=0x00000000030496e8 method=java.util.concurrent.ConcurrentHashMap.get(Ljava/lang/Object;)Ljava/lang/Object; @ 149
Event: 2.932 Thread 0x0000000001d58000 Uncommon trap: reason=bimorphic action=maybe_recompile pc=0x0000000003124430 method=java.util.regex.Pattern$Curly.match0(Ljava/util/regex/Matcher;IILjava/lang/CharSequence;)Z @ 170
Event: 2.933 Thread 0x0000000001d58000 Uncommon trap: reason=bimorphic action=maybe_recompile pc=0x0000000003124430 method=java.util.regex.Pattern$Curly.match0(Ljava/util/regex/Matcher;IILjava/lang/CharSequence;)Z @ 170
Event: 2.933 Thread 0x0000000001d58000 Uncommon trap: reason=bimorphic action=maybe_recompile pc=0x0000000003124430 method=java.util.regex.Pattern$Curly.match0(Ljava/util/regex/Matcher;IILjava/lang/CharSequence;)Z @ 170
Event: 2.971 Thread 0x0000000001d58000 Uncommon trap: reason=bimorphic action=maybe_recompile pc=0x00000000030496e8 method=java.util.concurrent.ConcurrentHashMap.get(Ljava/lang/Object;)Ljava/lang/Object; @ 149
Event: 3.231 Thread 0x0000000001d58000 Uncommon trap: reason=unstable_if action=reinterpret pc=0x00000000030f415c method=java.util.LinkedHashMap.afterNodeInsertion(Z)V @ 18
Event: 3.369 Thread 0x0000000001d58000 Uncommon trap: reason=bimorphic action=maybe_recompile pc=0x00000000030e34e8 method=java.util.regex.Pattern$CharProperty.match(Ljava/util/regex/Matcher;ILjava/lang/CharSequence;)Z @ 37
Event: 3.694 Thread 0x0000000001d58000 Uncommon trap: reason=unstable_if action=reinterpret pc=0x000000000319833c method=org.apache.maven.model.io.xpp3.MavenXpp3Reader.nextTag(Lorg/codehaus/plexus/util/xml/pull/XmlPullParser;)I @ 9

Classes redefined (0 events):
No events

Internal exceptions (10 events):
Event: 0.697 Thread 0x0000000001d58000 Exception <a 'java/lang/ArrayIndexOutOfBoundsException'> (0x00000007701c70b8) thrown at [C:\re\workspace\8-2-build-windows-amd64-cygwin\jdk8u201\12322\hotspot\src\share\vm\runtime\sharedRuntime.cpp, line 605]
Event: 0.884 Thread 0x0000000001d58000 Exception <a 'java/lang/ArrayIndexOutOfBoundsException': 73> (0x0000000770e606e0) thrown at [C:\re\workspace\8-2-build-windows-amd64-cygwin\jdk8u201\12322\hotspot\src\share\vm\interpreter\interpreterRuntime.cpp, line 368]
Event: 0.884 Thread 0x0000000001d58000 Exception <a 'java/lang/ArrayIndexOutOfBoundsException': 131> (0x0000000770e62088) thrown at [C:\re\workspace\8-2-build-windows-amd64-cygwin\jdk8u201\12322\hotspot\src\share\vm\interpreter\interpreterRuntime.cpp, line 368]
Event: 1.664 Thread 0x0000000001d58000 Exception <a 'java/lang/NoClassDefFoundError': com/google/inject/servlet/ServletModuleTargetVisitor> (0x000000076f94a0c0) thrown at [C:\re\workspace\8-2-build-windows-amd64-cygwin\jdk8u201\12322\hotspot\src\share\vm\classfile\systemDictionary.cpp, line 19
Event: 1.664 Thread 0x0000000001d58000 Exception <a 'java/lang/NoClassDefFoundError'> (0x000000076f94a0c0) thrown at [C:\re\workspace\8-2-build-windows-amd64-cygwin\jdk8u201\12322\hotspot\src\share\vm\prims\jvm.cpp, line 1506]
Event: 1.664 Thread 0x0000000001d58000 Exception <a 'java/lang/NoClassDefFoundError': javax/annotation/Priority> (0x000000076f94eec8) thrown at [C:\re\workspace\8-2-build-windows-amd64-cygwin\jdk8u201\12322\hotspot\src\share\vm\classfile\systemDictionary.cpp, line 199]
Event: 1.817 Thread 0x0000000001d58000 Implicit null exception at 0x0000000002ca365c to 0x0000000002ca382d
Event: 2.090 Thread 0x0000000001d58000 Implicit null exception at 0x0000000002dc7f55 to 0x0000000002dc8159
Event: 2.091 Thread 0x0000000001d58000 Implicit null exception at 0x0000000002e4b8af to 0x0000000002e4b919
Event: 2.245 Thread 0x0000000001d58000 Implicit null exception at 0x00000000030c48b7 to 0x00000000030c5931

Events (10 events):
Event: 3.985 loading class org/apache/maven/plugin/compiler/HelpMojo
Event: 3.985 loading class org/apache/maven/plugin/compiler/HelpMojo done
Event: 3.996 loading class org/codehaus/plexus/compiler/manager/CompilerManager
Event: 3.996 loading class org/codehaus/plexus/compiler/manager/CompilerManager done
Event: 3.996 loading class org/codehaus/plexus/compiler/manager/CompilerManager
Event: 3.996 loading class org/codehaus/plexus/compiler/manager/CompilerManager done
Event: 3.999 loading class org/codehaus/plexus/compiler/Compiler
Event: 3.999 loading class org/codehaus/plexus/compiler/Compiler done
Event: 3.999 loading class org/codehaus/plexus/compiler/Compiler
Event: 3.999 loading class org/codehaus/plexus/compiler/Compiler done


Dynamic libraries:
0x000000013f690000 - 0x000000013f6c7000 	C:\Java\tools\JDK 1.8\bin\java.exe
0x00000000773f0000 - 0x000000007759a000 	C:\Windows\SYSTEM32\ntdll.dll
0x00000000772d0000 - 0x00000000773ef000 	C:\Windows\system32\kernel32.dll
0x000007fefd900000 - 0x000007fefd96b000 	C:\Windows\system32\KERNELBASE.dll
0x000007fefeec0000 - 0x000007fefef9b000 	C:\Windows\system32\ADVAPI32.dll
0x000007feff540000 - 0x000007feff5df000 	C:\Windows\system32\msvcrt.dll
0x000007feff040000 - 0x000007feff05f000 	C:\Windows\SYSTEM32\sechost.dll
0x000007fefdfb0000 - 0x000007fefe0dd000 	C:\Windows\system32\RPCRT4.dll
0x0000000076cf0000 - 0x0000000076dea000 	C:\Windows\system32\USER32.dll
0x000007feff060000 - 0x000007feff0c7000 	C:\Windows\system32\GDI32.dll
0x000007fefde30000 - 0x000007fefde3e000 	C:\Windows\system32\LPK.dll
0x000007feff470000 - 0x000007feff53a000 	C:\Windows\system32\USP10.dll
0x000007fefc020000 - 0x000007fefc214000 	C:\Windows\WinSxS\amd64_microsoft.windows.common-controls_6595b64144ccf1df_6.0.7601.17514_none_fa396087175ac9ac\COMCTL32.dll
0x000007fefde50000 - 0x000007fefdec1000 	C:\Windows\system32\SHLWAPI.dll
0x000007fefde00000 - 0x000007fefde2e000 	C:\Windows\system32\IMM32.DLL
0x000007feff130000 - 0x000007feff239000 	C:\Windows\system32\MSCTF.dll
0x0000000074a80000 - 0x0000000074b51000 	C:\Java\tools\JDK 1.8\jre\bin\msvcr100.dll
0x0000000055af0000 - 0x0000000056394000 	C:\Java\tools\JDK 1.8\jre\bin\server\jvm.dll
0x000007fef94f0000 - 0x000007fef94f9000 	C:\Windows\system32\WSOCK32.dll
0x000007fefe0e0000 - 0x000007fefe12d000 	C:\Windows\system32\WS2_32.dll
0x000007fefde40000 - 0x000007fefde48000 	C:\Windows\system32\NSI.dll
0x000007fefb7f0000 - 0x000007fefb82b000 	C:\Windows\system32\WINMM.dll
0x000007fefc960000 - 0x000007fefc96c000 	C:\Windows\system32\VERSION.dll
0x00000000775b0000 - 0x00000000775b7000 	C:\Windows\system32\PSAPI.DLL
0x000007fefc640000 - 0x000007fefc64f000 	C:\Java\tools\JDK 1.8\jre\bin\verify.dll
0x000007fefb130000 - 0x000007fefb159000 	C:\Java\tools\JDK 1.8\jre\bin\java.dll
0x000007fefaf30000 - 0x000007fefaf53000 	C:\Java\tools\JDK 1.8\jre\bin\instrument.dll
0x000007fefb110000 - 0x000007fefb126000 	C:\Java\tools\JDK 1.8\jre\bin\zip.dll
0x000007fefe130000 - 0x000007fefeeb8000 	C:\Windows\system32\SHELL32.dll
0x000007feff240000 - 0x000007feff443000 	C:\Windows\system32\ole32.dll
0x000007fefd850000 - 0x000007fefd85f000 	C:\Windows\system32\profapi.dll
0x000007fefb0f0000 - 0x000007fefb10a000 	C:\Program Files\JetBrains\IntelliJ IDEA 2018.2\bin\breakgen64.dll
0x000007fefb0c0000 - 0x000007fefb0da000 	C:\Java\tools\JDK 1.8\jre\bin\net.dll
0x0000000076f50000 - 0x00000000770a7000 	C:\Windows\system32\urlmon.dll
0x000007fefded0000 - 0x000007fefdfa8000 	C:\Windows\system32\OLEAUT32.dll
0x00000000770b0000 - 0x00000000772c2000 	C:\Windows\system32\iertutil.dll
0x0000000076df0000 - 0x0000000076f4b000 	C:\Windows\system32\WININET.dll
0x00000000775c0000 - 0x00000000775c3000 	C:\Windows\system32\Normaliz.dll
0x000007fefd080000 - 0x000007fefd0d5000 	C:\Windows\system32\mswsock.dll
0x000007fefd070000 - 0x000007fefd077000 	C:\Windows\System32\wship6.dll
0x000007fefb0a0000 - 0x000007fefb0b1000 	C:\Java\tools\JDK 1.8\jre\bin\nio.dll
0x000007fef5650000 - 0x000007fef5775000 	C:\Windows\system32\dbghelp.dll

VM Arguments:
jvm_args: -Dmaven.multiModuleProjectDirectory=C:\Users\postgre\Desktop\SecurityTest -Dmaven.home=C:\Program Files\JetBrains\IntelliJ IDEA 2018.2\plugins\maven\lib\maven3 -Dclassworlds.conf=C:\Program Files\JetBrains\IntelliJ IDEA 2018.2\plugins\maven\lib\maven3\bin\m2.conf -javaagent:C:\Program Files\JetBrains\IntelliJ IDEA 2018.2\lib\idea_rt.jar=54042:C:\Program Files\JetBrains\IntelliJ IDEA 2018.2\bin -Dfile.encoding=UTF-8 
java_command: org.codehaus.classworlds.Launcher -Didea.version=2018.2 package
java_class_path (initial): C:\Program Files\JetBrains\IntelliJ IDEA 2018.2\plugins\maven\lib\maven3\boot\plexus-classworlds-2.5.2.jar;C:\Program Files\JetBrains\IntelliJ IDEA 2018.2\lib\idea_rt.jar
Launcher Type: SUN_STANDARD

Environment Variables:
JAVA_HOME=C:\Java\tools\JDK 1.8
JRE_HOME=C:\Java\tools\JDK 1.8\jre
CLASSPATH=;
PATH=C:\Users\postgre\;C:\Program Files (x86)\Common Files\Oracle\Java\javapath;C:\ProgramData\Oracle\Java\javapath;C:\Program Files (x86)\AMD\ATI.ACE\Core-Static;C:\PostgreSQL\bin;C:\Windows\System32;C:\Java\tools\JDK 1.8\bin;C:\Java\tools\JDK 1.8\jre\bin;C:\Java\tools\apache-maven-3.6.0\bin;C:\JS\tools\nodejs\;C:\Program Files\Git\cmd;;C:\JS\tools\bin;C:\Users\postgre\AppData\Roaming\npm
USERNAME=postgre
OS=Windows_NT
PROCESSOR_IDENTIFIER=AMD64 Family 18 Model 1 Stepping 0, AuthenticAMD



---------------  S Y S T E M  ---------------

OS: Windows 7 , 64 bit Build 7601 (6.1.7601.19135)

CPU:total 4 (initial active 4) (4 cores per cpu, 1 threads per core) family 18 model 1 stepping 0, cmov, cx8, fxsr, mmx, sse, sse2, sse3, popcnt, mmxext, 3dnowpref, lzcnt, sse4a, tsc, tscinvbit, tscinv

Memory: 4k page, physical 15988152k(10649040k free), swap 26185512k(19124280k free)

vm_info: Java HotSpot(TM) 64-Bit Server VM (25.201-b09) for windows-amd64 JRE (1.8.0_201-b09), built on Dec 15 2018 18:36:39 by "java_re" with MS VC++ 10.0 (VS2010)

time: Fri Aug 09 12:39:22 2019
timezone: Московское время (зима)
elapsed time: 4 seconds (0d 0h 0m 4s)

